<?xml version="1.0" encoding="UTF-8"?>
<!-- Generated by org.testng.reporters.JUnitXMLReporter -->
<testsuite ignored="0" hostname="Andre" failures="5" tests="75" name="Surefire test" time="238.746" errors="0" timestamp="2026-06-23T13:45:44 BRT">
  <testcase classname="com.mycompany.mavenproject1.HLTVTest" name="testNavigateToBaseURL" time="1.645"/>
  <testcase classname="com.mycompany.mavenproject1.HLTVTest" name="testGetCurrentURL" time="4.633"/>
  <testcase classname="com.mycompany.mavenproject1.HLTVTest" name="testPageSourceNotEmpty" time="0.237"/>
  <testcase classname="com.mycompany.mavenproject1.HLTVTest" name="testPageLoadTime" time="0.155"/>
  <testcase classname="com.mycompany.mavenproject1.HLTVTest" name="testNavigationHeaderExists" time="10.209"/>
  <testcase classname="com.mycompany.mavenproject1.HLTVTest" name="testSearchFunctionalityExists" time="10.161"/>
  <testcase classname="com.mycompany.mavenproject1.HLTVTest" name="testSearchForTeam" time="10.471"/>
  <testcase classname="com.mycompany.mavenproject1.HLTVTest" name="testSearchForMatch" time="10.159"/>
  <testcase classname="com.mycompany.mavenproject1.HLTVTest" name="testClickOnMatchesTab" time="10.198"/>
  <testcase classname="com.mycompany.mavenproject1.HLTVTest" name="testClickOnTeamsTab" time="10.189"/>
  <testcase classname="com.mycompany.mavenproject1.HLTVTest" name="testClickOnPlayersTab" time="10.218"/>
  <testcase classname="com.mycompany.mavenproject1.HLTVTest" name="testNavigateToNews" time="10.195"/>
  <testcase classname="com.mycompany.mavenproject1.HLTVTest" name="testClickOnNewsArticle" time="10.17"/>
  <testcase classname="com.mycompany.mavenproject1.HLTVTest" name="testNavigateToRankings" time="10.168"/>
  <testcase classname="com.mycompany.mavenproject1.HLTVTest" name="testFindElements" time="0.158"/>
  <testcase classname="com.mycompany.mavenproject1.HLTVTest" name="testNavigationMenuVisible" time="10.256">
    <failure type="java.lang.AssertionError" message="Navigation menu items should exist expected [true] but found [false]">
      <![CDATA[java.lang.AssertionError: Navigation menu items should exist expected [true] but found [false]
at com.mycompany.mavenproject1.HLTVTest.testNavigationMenuVisible(HLTVTest.java:261)
at java.base/java.util.ArrayList.forEach(ArrayList.java:1612)
... Removed 33 stack frames]]>
    </failure>
  </testcase> <!-- testNavigationMenuVisible -->
  <testcase classname="com.mycompany.mavenproject1.HLTVTest" name="testClickOnUpcomingMatches" time="10.177"/>
  <testcase classname="com.mycompany.mavenproject1.HLTVTest" name="testClickOnResults" time="10.201"/>
  <testcase classname="com.mycompany.mavenproject1.HLTVTest" name="testApplyFilters" time="12.176"/>
  <testcase classname="com.mycompany.mavenproject1.HLTVTest" name="testElementDisplayProperties" time="0.164"/>
  <testcase classname="com.mycompany.mavenproject1.HLTVTest" name="testMouseHoverOnMatch" time="4.403"/>
  <testcase classname="com.mycompany.mavenproject1.HLTVTest" name="testRefreshPage" time="0.127">
    <failure type="org.openqa.selenium.NoSuchSessionException" message="invalid session id
Build info: version: &amp;apos;4.23.0&amp;apos;, revision: &amp;apos;4df0a231af&amp;apos;
System info: os.name: &amp;apos;Windows 11&amp;apos;, os.arch: &amp;apos;amd64&amp;apos;, os.version: &amp;apos;10.0&amp;apos;, java.version: &amp;apos;26.0.1&amp;apos;
Driver info: org.openqa.selenium.chrome.ChromeDriver
Command: [ff43a098d43dbf333651a7ccd914469a, get {url=https://www.hltv.org}]
Capabilities {acceptInsecureCerts: false, browserName: chrome, browserVersion: 149.0.7827.156, chrome: {chromedriverVersion: 149.0.7827.155 (07b52360cc1..., userDataDir: C:\Users\andre\AppData\Loca...}, fedcm:accounts: true, goog:chromeOptions: {debuggerAddress: localhost:54880}, goog:processID: 40140, networkConnectionEnabled: false, pageLoadStrategy: normal, platformName: windows, proxy: Proxy(), se:cdp: ws://localhost:54880/devtoo..., se:cdpVersion: 149.0.7827.156, setWindowRect: true, strictFileInteractability: false, timeouts: {implicit: 0, pageLoad: 300000, script: 30000}, unhandledPromptBehavior: dismiss and notify, webauthn:extension:credBlob: true, webauthn:extension:largeBlob: true, webauthn:extension:minPinLength: true, webauthn:extension:prf: true, webauthn:virtualAuthenticators: true}
Session ID: ff43a098d43dbf333651a7ccd914469a">
      <![CDATA[org.openqa.selenium.NoSuchSessionException: invalid session id
Build info: version: '4.23.0', revision: '4df0a231af'
System info: os.name: 'Windows 11', os.arch: 'amd64', os.version: '10.0', java.version: '26.0.1'
Driver info: org.openqa.selenium.chrome.ChromeDriver
Command: [ff43a098d43dbf333651a7ccd914469a, get {url=https://www.hltv.org}]
Capabilities {acceptInsecureCerts: false, browserName: chrome, browserVersion: 149.0.7827.156, chrome: {chromedriverVersion: 149.0.7827.155 (07b52360cc1..., userDataDir: C:\Users\andre\AppData\Loca...}, fedcm:accounts: true, goog:chromeOptions: {debuggerAddress: localhost:54880}, goog:processID: 40140, networkConnectionEnabled: false, pageLoadStrategy: normal, platformName: windows, proxy: Proxy(), se:cdp: ws://localhost:54880/devtoo..., se:cdpVersion: 149.0.7827.156, setWindowRect: true, strictFileInteractability: false, timeouts: {implicit: 0, pageLoad: 300000, script: 30000}, unhandledPromptBehavior: dismiss and notify, webauthn:extension:credBlob: true, webauthn:extension:largeBlob: true, webauthn:extension:minPinLength: true, webauthn:extension:prf: true, webauthn:virtualAuthenticators: true}
Session ID: ff43a098d43dbf333651a7ccd914469a
at org.openqa.selenium.remote.ErrorCodec.decode(ErrorCodec.java:167)
at org.openqa.selenium.remote.codec.w3c.W3CHttpResponseCodec.decode(W3CHttpResponseCodec.java:138)
at org.openqa.selenium.remote.codec.w3c.W3CHttpResponseCodec.decode(W3CHttpResponseCodec.java:50)
at org.openqa.selenium.remote.HttpCommandExecutor.execute(HttpCommandExecutor.java:190)
at org.openqa.selenium.remote.service.DriverCommandExecutor.invokeExecute(DriverCommandExecutor.java:216)
at org.openqa.selenium.remote.service.DriverCommandExecutor.execute(DriverCommandExecutor.java:174)
at org.openqa.selenium.remote.RemoteWebDriver.execute(RemoteWebDriver.java:527)
at org.openqa.selenium.remote.RemoteWebDriver.get(RemoteWebDriver.java:302)
at org.openqa.selenium.remote.RemoteWebDriver$RemoteNavigation.to(RemoteWebDriver.java:1072)
at com.mycompany.mavenproject1.HLTVTest.testRefreshPage(HLTVTest.java:342)
at java.base/java.util.ArrayList.forEach(ArrayList.java:1612)
... Removed 33 stack frames]]>
    </failure>
  </testcase> <!-- testRefreshPage -->
  <testcase classname="com.mycompany.mavenproject1.HLTVTest" name="testNavigateBack" time="0.002">
    <failure type="org.openqa.selenium.NoSuchSessionException" message="invalid session id
Build info: version: &amp;apos;4.23.0&amp;apos;, revision: &amp;apos;4df0a231af&amp;apos;
System info: os.name: &amp;apos;Windows 11&amp;apos;, os.arch: &amp;apos;amd64&amp;apos;, os.version: &amp;apos;10.0&amp;apos;, java.version: &amp;apos;26.0.1&amp;apos;
Driver info: org.openqa.selenium.chrome.ChromeDriver
Command: [ff43a098d43dbf333651a7ccd914469a, get {url=https://www.hltv.org}]
Capabilities {acceptInsecureCerts: false, browserName: chrome, browserVersion: 149.0.7827.156, chrome: {chromedriverVersion: 149.0.7827.155 (07b52360cc1..., userDataDir: C:\Users\andre\AppData\Loca...}, fedcm:accounts: true, goog:chromeOptions: {debuggerAddress: localhost:54880}, goog:processID: 40140, networkConnectionEnabled: false, pageLoadStrategy: normal, platformName: windows, proxy: Proxy(), se:cdp: ws://localhost:54880/devtoo..., se:cdpVersion: 149.0.7827.156, setWindowRect: true, strictFileInteractability: false, timeouts: {implicit: 0, pageLoad: 300000, script: 30000}, unhandledPromptBehavior: dismiss and notify, webauthn:extension:credBlob: true, webauthn:extension:largeBlob: true, webauthn:extension:minPinLength: true, webauthn:extension:prf: true, webauthn:virtualAuthenticators: true}
Session ID: ff43a098d43dbf333651a7ccd914469a">
      <![CDATA[org.openqa.selenium.NoSuchSessionException: invalid session id
Build info: version: '4.23.0', revision: '4df0a231af'
System info: os.name: 'Windows 11', os.arch: 'amd64', os.version: '10.0', java.version: '26.0.1'
Driver info: org.openqa.selenium.chrome.ChromeDriver
Command: [ff43a098d43dbf333651a7ccd914469a, get {url=https://www.hltv.org}]
Capabilities {acceptInsecureCerts: false, browserName: chrome, browserVersion: 149.0.7827.156, chrome: {chromedriverVersion: 149.0.7827.155 (07b52360cc1..., userDataDir: C:\Users\andre\AppData\Loca...}, fedcm:accounts: true, goog:chromeOptions: {debuggerAddress: localhost:54880}, goog:processID: 40140, networkConnectionEnabled: false, pageLoadStrategy: normal, platformName: windows, proxy: Proxy(), se:cdp: ws://localhost:54880/devtoo..., se:cdpVersion: 149.0.7827.156, setWindowRect: true, strictFileInteractability: false, timeouts: {implicit: 0, pageLoad: 300000, script: 30000}, unhandledPromptBehavior: dismiss and notify, webauthn:extension:credBlob: true, webauthn:extension:largeBlob: true, webauthn:extension:minPinLength: true, webauthn:extension:prf: true, webauthn:virtualAuthenticators: true}
Session ID: ff43a098d43dbf333651a7ccd914469a
at org.openqa.selenium.remote.ErrorCodec.decode(ErrorCodec.java:167)
at org.openqa.selenium.remote.codec.w3c.W3CHttpResponseCodec.decode(W3CHttpResponseCodec.java:138)
at org.openqa.selenium.remote.codec.w3c.W3CHttpResponseCodec.decode(W3CHttpResponseCodec.java:50)
at org.openqa.selenium.remote.HttpCommandExecutor.execute(HttpCommandExecutor.java:190)
at org.openqa.selenium.remote.service.DriverCommandExecutor.invokeExecute(DriverCommandExecutor.java:216)
at org.openqa.selenium.remote.service.DriverCommandExecutor.execute(DriverCommandExecutor.java:174)
at org.openqa.selenium.remote.RemoteWebDriver.execute(RemoteWebDriver.java:527)
at org.openqa.selenium.remote.RemoteWebDriver.get(RemoteWebDriver.java:302)
at org.openqa.selenium.remote.RemoteWebDriver$RemoteNavigation.to(RemoteWebDriver.java:1072)
at com.mycompany.mavenproject1.HLTVTest.testNavigateBack(HLTVTest.java:354)
at java.base/java.util.ArrayList.forEach(ArrayList.java:1612)
... Removed 33 stack frames]]>
    </failure>
  </testcase> <!-- testNavigateBack -->
  <testcase classname="com.mycompany.mavenproject1.HLTVTest" name="testGetWindowHandle" time="0.002">
    <failure type="org.openqa.selenium.NoSuchSessionException" message="invalid session id
Build info: version: &amp;apos;4.23.0&amp;apos;, revision: &amp;apos;4df0a231af&amp;apos;
System info: os.name: &amp;apos;Windows 11&amp;apos;, os.arch: &amp;apos;amd64&amp;apos;, os.version: &amp;apos;10.0&amp;apos;, java.version: &amp;apos;26.0.1&amp;apos;
Driver info: org.openqa.selenium.chrome.ChromeDriver
Command: [ff43a098d43dbf333651a7ccd914469a, get {url=https://www.hltv.org}]
Capabilities {acceptInsecureCerts: false, browserName: chrome, browserVersion: 149.0.7827.156, chrome: {chromedriverVersion: 149.0.7827.155 (07b52360cc1..., userDataDir: C:\Users\andre\AppData\Loca...}, fedcm:accounts: true, goog:chromeOptions: {debuggerAddress: localhost:54880}, goog:processID: 40140, networkConnectionEnabled: false, pageLoadStrategy: normal, platformName: windows, proxy: Proxy(), se:cdp: ws://localhost:54880/devtoo..., se:cdpVersion: 149.0.7827.156, setWindowRect: true, strictFileInteractability: false, timeouts: {implicit: 0, pageLoad: 300000, script: 30000}, unhandledPromptBehavior: dismiss and notify, webauthn:extension:credBlob: true, webauthn:extension:largeBlob: true, webauthn:extension:minPinLength: true, webauthn:extension:prf: true, webauthn:virtualAuthenticators: true}
Session ID: ff43a098d43dbf333651a7ccd914469a">
      <![CDATA[org.openqa.selenium.NoSuchSessionException: invalid session id
Build info: version: '4.23.0', revision: '4df0a231af'
System info: os.name: 'Windows 11', os.arch: 'amd64', os.version: '10.0', java.version: '26.0.1'
Driver info: org.openqa.selenium.chrome.ChromeDriver
Command: [ff43a098d43dbf333651a7ccd914469a, get {url=https://www.hltv.org}]
Capabilities {acceptInsecureCerts: false, browserName: chrome, browserVersion: 149.0.7827.156, chrome: {chromedriverVersion: 149.0.7827.155 (07b52360cc1..., userDataDir: C:\Users\andre\AppData\Loca...}, fedcm:accounts: true, goog:chromeOptions: {debuggerAddress: localhost:54880}, goog:processID: 40140, networkConnectionEnabled: false, pageLoadStrategy: normal, platformName: windows, proxy: Proxy(), se:cdp: ws://localhost:54880/devtoo..., se:cdpVersion: 149.0.7827.156, setWindowRect: true, strictFileInteractability: false, timeouts: {implicit: 0, pageLoad: 300000, script: 30000}, unhandledPromptBehavior: dismiss and notify, webauthn:extension:credBlob: true, webauthn:extension:largeBlob: true, webauthn:extension:minPinLength: true, webauthn:extension:prf: true, webauthn:virtualAuthenticators: true}
Session ID: ff43a098d43dbf333651a7ccd914469a
at org.openqa.selenium.remote.ErrorCodec.decode(ErrorCodec.java:167)
at org.openqa.selenium.remote.codec.w3c.W3CHttpResponseCodec.decode(W3CHttpResponseCodec.java:138)
at org.openqa.selenium.remote.codec.w3c.W3CHttpResponseCodec.decode(W3CHttpResponseCodec.java:50)
at org.openqa.selenium.remote.HttpCommandExecutor.execute(HttpCommandExecutor.java:190)
at org.openqa.selenium.remote.service.DriverCommandExecutor.invokeExecute(DriverCommandExecutor.java:216)
at org.openqa.selenium.remote.service.DriverCommandExecutor.execute(DriverCommandExecutor.java:174)
at org.openqa.selenium.remote.RemoteWebDriver.execute(RemoteWebDriver.java:527)
at org.openqa.selenium.remote.RemoteWebDriver.get(RemoteWebDriver.java:302)
at org.openqa.selenium.remote.RemoteWebDriver$RemoteNavigation.to(RemoteWebDriver.java:1072)
at com.mycompany.mavenproject1.HLTVTest.testGetWindowHandle(HLTVTest.java:372)
at java.base/java.util.ArrayList.forEach(ArrayList.java:1612)
... Removed 33 stack frames]]>
    </failure>
  </testcase> <!-- testGetWindowHandle -->
  <testcase classname="com.mycompany.mavenproject1.HLTVTest" name="testBrowserCapabilities" time="0.0"/>
  <testcase classname="com.mycompany.mavenproject1.Mavenproject1Test" name="testBubbleSortEmptyArray" time="0.0"/>
  <testcase classname="com.mycompany.mavenproject1.Mavenproject1Test" name="testBubbleSortPreservesLength" time="0.001"/>
  <testcase classname="com.mycompany.mavenproject1.Mavenproject1Test" name="testBubbleSortTwoElements" time="0.0"/>
  <testcase classname="com.mycompany.mavenproject1.Mavenproject1Test" name="testBubbleSortWithAlreadySortedArray" time="0.0"/>
  <testcase classname="com.mycompany.mavenproject1.Mavenproject1Test" name="testBubbleSortWithDuplicates" time="0.0"/>
  <testcase classname="com.mycompany.mavenproject1.Mavenproject1Test" name="testBubbleSortWithLargeNumbers" time="0.0"/>
  <testcase classname="com.mycompany.mavenproject1.Mavenproject1Test" name="testBubbleSortWithMixedNumbers" time="0.001"/>
  <testcase classname="com.mycompany.mavenproject1.Mavenproject1Test" name="testBubbleSortWithNegativeNumbers" time="0.0"/>
  <testcase classname="com.mycompany.mavenproject1.Mavenproject1Test" name="testBubbleSortWithPositiveNumbers" time="0.0"/>
  <testcase classname="com.mycompany.mavenproject1.Mavenproject1Test" name="testBubbleSortWithReverseSortedArray" time="0.0"/>
  <testcase classname="com.mycompany.mavenproject1.Mavenproject1Test" name="testBubbleSortWithSingleElement" time="0.0"/>
  <testcase classname="com.mycompany.mavenproject1.Mavenproject1Test" name="testBubbleSortWithZeros" time="0.001"/>
  <testcase classname="com.mycompany.mavenproject1.RestAssured1Test" name="delete_returnsExpectedResponse" time="2.42"/>
  <testcase classname="com.mycompany.mavenproject1.RestAssured1Test" name="getUser1_returnsExpectedResponse" time="0.755"/>
  <testcase classname="com.mycompany.mavenproject1.RestAssured1Test" name="getUsers_returnsExpectedResponse" time="0.46"/>
  <testcase classname="com.mycompany.mavenproject1.RestAssured1Test" name="post1_returnsExpectedResponse" time="0.236">
    <failure type="java.lang.AssertionError" message="1 expectation failed.
Expected status code &amp;lt;201&amp;gt; but was &amp;lt;400&amp;gt;.
">
      <![CDATA[java.lang.AssertionError: 1 expectation failed.
Expected status code <201> but was <400>.

at org.codehaus.groovy.runtime.callsite.ConstructorSite$ConstructorSiteNoUnwrapNoCoerce.callConstructor(ConstructorSite.java:108)
at org.codehaus.groovy.runtime.callsite.CallSiteArray.defaultCallConstructor(CallSiteArray.java:57)
at org.codehaus.groovy.runtime.callsite.AbstractCallSite.callConstructor(AbstractCallSite.java:263)
at org.codehaus.groovy.runtime.callsite.AbstractCallSite.callConstructor(AbstractCallSite.java:277)
at io.restassured.internal.ResponseSpecificationImpl$HamcrestAssertionClosure.validate(ResponseSpecificationImpl.groovy:512)
at io.restassured.internal.ResponseSpecificationImpl$HamcrestAssertionClosure$validate$1.call(Unknown Source)
at io.restassured.internal.ResponseSpecificationImpl.validateResponseIfRequired(ResponseSpecificationImpl.groovy:696)
at io.restassured.internal.ResponseSpecificationImpl.this$2$validateResponseIfRequired(ResponseSpecificationImpl.groovy)
at org.codehaus.groovy.runtime.callsite.PlainObjectMetaMethodSite.doInvoke(PlainObjectMetaMethodSite.java:43)
at org.codehaus.groovy.runtime.callsite.PogoMetaMethodSite$PogoCachedMethodSiteNoUnwrapNoCoerce.invoke(PogoMetaMethodSite.java:198)
at org.codehaus.groovy.runtime.callsite.PogoMetaMethodSite.callCurrent(PogoMetaMethodSite.java:62)
at org.codehaus.groovy.runtime.callsite.AbstractCallSite.callCurrent(AbstractCallSite.java:185)
at io.restassured.internal.ResponseSpecificationImpl.statusCode(ResponseSpecificationImpl.groovy:135)
at io.restassured.specification.ResponseSpecification$statusCode$0.callCurrent(Unknown Source)
at io.restassured.internal.ResponseSpecificationImpl.statusCode(ResponseSpecificationImpl.groovy:143)
at io.restassured.internal.ValidatableResponseOptionsImpl.statusCode(ValidatableResponseOptionsImpl.java:89)
at com.mycompany.mavenproject1.RestAssured1Test.post1_returnsExpectedResponse(RestAssured1Test.java:93)
at java.base/java.util.ArrayList.forEach(ArrayList.java:1612)
... Removed 36 stack frames]]>
    </failure>
  </testcase> <!-- post1_returnsExpectedResponse -->
  <testcase classname="com.mycompany.mavenproject1.RestAssured1Test" name="putUser1_returnsExpectedResponse" time="0.244"/>
  <testcase classname="com.mycompany.mavenproject1.RestAssuredTest" name="createPost_returns201AndEchoesTitle" time="0.174"/>
  <testcase classname="com.mycompany.mavenproject1.RestAssuredTest" name="getUserById_returnsCorrectUser" time="0.062"/>
  <testcase classname="com.mycompany.mavenproject1.RestAssuredTest" name="getUsers_returns200AndNonEmptyList" time="0.053"/>
  <testcase classname="com.mycompany.mavenproject1.SeleniumTest" name="testNavigateToBaseURL" time="0.969"/>
  <testcase classname="com.mycompany.mavenproject1.SeleniumTest" name="testGetCurrentURL" time="0.35"/>
  <testcase classname="com.mycompany.mavenproject1.SeleniumTest" name="testFindElementByXPath" time="10.325"/>
  <testcase classname="com.mycompany.mavenproject1.SeleniumTest" name="testFindElementByCSS" time="0.37"/>
  <testcase classname="com.mycompany.mavenproject1.SeleniumTest" name="testFindElementByID" time="0.353"/>
  <testcase classname="com.mycompany.mavenproject1.SeleniumTest" name="testClickElement" time="0.457"/>
  <testcase classname="com.mycompany.mavenproject1.SeleniumTest" name="testGetElementText" time="6.767"/>
  <testcase classname="com.mycompany.mavenproject1.SeleniumTest" name="testGetElementAttribute" time="6.999"/>
  <testcase classname="com.mycompany.mavenproject1.SeleniumTest" name="testElementDisplayed" time="0.848"/>
  <testcase classname="com.mycompany.mavenproject1.SeleniumTest" name="testElementEnabled" time="0.787"/>
  <testcase classname="com.mycompany.mavenproject1.SeleniumTest" name="testSendKeysToField" time="10.86"/>
  <testcase classname="com.mycompany.mavenproject1.SeleniumTest" name="testFindMultipleElements" time="0.888"/>
  <testcase classname="com.mycompany.mavenproject1.SeleniumTest" name="testNavigateBack" time="10.882"/>
  <testcase classname="com.mycompany.mavenproject1.SeleniumTest" name="testNavigateForward" time="10.935"/>
  <testcase classname="com.mycompany.mavenproject1.SeleniumTest" name="testRefreshPage" time="1.636"/>
  <testcase classname="com.mycompany.mavenproject1.SeleniumTest" name="testGetPageSource" time="0.35"/>
  <testcase classname="com.mycompany.mavenproject1.SeleniumTest" name="testGetPageTitle" time="0.887"/>
  <testcase classname="com.mycompany.mavenproject1.SeleniumTest" name="testGetWindowHandle" time="0.837"/>
  <testcase classname="com.mycompany.mavenproject1.SeleniumTest" name="testGetWindowHandles" time="0.891"/>
  <testcase classname="com.mycompany.mavenproject1.SeleniumTest" name="testMouseHover" time="1.042"/>
  <testcase classname="com.mycompany.mavenproject1.SeleniumTest" name="testDoubleClick" time="0.974"/>
  <testcase classname="com.mycompany.mavenproject1.SeleniumTest" name="testRightClick" time="0.994"/>
  <testcase classname="com.mycompany.mavenproject1.SeleniumTest" name="testDragAndDrop" time="1.049"/>
  <testcase classname="com.mycompany.mavenproject1.SeleniumTest" name="testExplicitWait" time="0.82"/>
  <testcase classname="com.mycompany.mavenproject1.SeleniumTest" name="testImplicitWait" time="0.8"/>
  <testcase classname="com.mycompany.mavenproject1.SeleniumTest" name="testGetBrowserName" time="0.0"/>
  <testcase classname="com.mycompany.mavenproject1.SeleniumTest" name="testGetElementSize" time="0.82"/>
  <testcase classname="com.mycompany.mavenproject1.SeleniumTest" name="testGetElementLocation" time="0.876"/>
  <testcase classname="com.mycompany.mavenproject1.SeleniumTest" name="testPageLoadTime" time="0.858"/>
  <testcase classname="com.mycompany.mavenproject1.SeleniumTest" name="testScrollToElement" time="0.865"/>
</testsuite> <!-- Surefire test -->
