<?xml version="1.0" encoding="UTF-8"?>
<!-- Generated by org.testng.reporters.JUnitReportReporter -->
<testsuite hostname="Andre" failures="0" tests="3" name="com.mycompany.mavenproject1.RestAssuredTest" time="0.289" errors="0" timestamp="2026-06-23T13:45:44 BRT" skipped="0">
  <testcase classname="com.mycompany.mavenproject1.RestAssuredTest" name="createPost_returns201AndEchoesTitle" time="0.174"/>
  <testcase classname="com.mycompany.mavenproject1.RestAssuredTest" name="getUserById_returnsCorrectUser" time="0.062"/>
  <testcase classname="com.mycompany.mavenproject1.RestAssuredTest" name="getUsers_returns200AndNonEmptyList" time="0.053"/>
</testsuite> <!-- com.mycompany.mavenproject1.RestAssuredTest -->
