<?xml version="1.0" encoding="UTF-8"?>
<!-- Generated by org.testng.reporters.JUnitReportReporter -->
<testsuite hostname="Andre" failures="0" tests="12" name="com.mycompany.mavenproject1.Mavenproject1Test" time="0.003" errors="0" timestamp="2026-06-23T13:45:44 BRT" skipped="0">
  <testcase classname="com.mycompany.mavenproject1.Mavenproject1Test" name="testBubbleSortWithPositiveNumbers" time="0.000"/>
  <testcase classname="com.mycompany.mavenproject1.Mavenproject1Test" name="testBubbleSortWithDuplicates" time="0.000"/>
  <testcase classname="com.mycompany.mavenproject1.Mavenproject1Test" name="testBubbleSortWithMixedNumbers" time="0.001"/>
  <testcase classname="com.mycompany.mavenproject1.Mavenproject1Test" name="testBubbleSortWithAlreadySortedArray" time="0.000"/>
  <testcase classname="com.mycompany.mavenproject1.Mavenproject1Test" name="testBubbleSortWithSingleElement" time="0.000"/>
  <testcase classname="com.mycompany.mavenproject1.Mavenproject1Test" name="testBubbleSortEmptyArray" time="0.000"/>
  <testcase classname="com.mycompany.mavenproject1.Mavenproject1Test" name="testBubbleSortTwoElements" time="0.000"/>
  <testcase classname="com.mycompany.mavenproject1.Mavenproject1Test" name="testBubbleSortWithNegativeNumbers" time="0.000"/>
  <testcase classname="com.mycompany.mavenproject1.Mavenproject1Test" name="testBubbleSortWithReverseSortedArray" time="0.000"/>
  <testcase classname="com.mycompany.mavenproject1.Mavenproject1Test" name="testBubbleSortWithZeros" time="0.001"/>
  <testcase classname="com.mycompany.mavenproject1.Mavenproject1Test" name="testBubbleSortWithLargeNumbers" time="0.000"/>
  <testcase classname="com.mycompany.mavenproject1.Mavenproject1Test" name="testBubbleSortPreservesLength" time="0.001"/>
</testsuite> <!-- com.mycompany.mavenproject1.Mavenproject1Test -->
