<?xml version="1.0" encoding="UTF-8"?>
<!-- Generated by org.testng.reporters.JUnitReportReporter -->
<testsuite hostname="Andre" failures="0" tests="30" name="com.mycompany.mavenproject1.SeleniumTest" time="75.489" errors="0" timestamp="2026-06-23T13:45:44 BRT" skipped="0">
  <testcase classname="com.mycompany.mavenproject1.SeleniumTest" name="testNavigateToBaseURL" time="0.969"/>
  <testcase classname="com.mycompany.mavenproject1.SeleniumTest" name="testGetCurrentURL" time="0.350"/>
  <testcase classname="com.mycompany.mavenproject1.SeleniumTest" name="testFindElementByXPath" time="10.325"/>
  <testcase classname="com.mycompany.mavenproject1.SeleniumTest" name="testFindElementByCSS" time="0.370"/>
  <testcase classname="com.mycompany.mavenproject1.SeleniumTest" name="testFindElementByID" time="0.353"/>
  <testcase classname="com.mycompany.mavenproject1.SeleniumTest" name="testClickElement" time="0.457"/>
  <testcase classname="com.mycompany.mavenproject1.SeleniumTest" name="testGetElementText" time="6.767"/>
  <testcase classname="com.mycompany.mavenproject1.SeleniumTest" name="testGetElementAttribute" time="6.999"/>
  <testcase classname="com.mycompany.mavenproject1.SeleniumTest" name="testElementDisplayed" time="0.848"/>
  <testcase classname="com.mycompany.mavenproject1.SeleniumTest" name="testElementEnabled" time="0.787"/>
  <testcase classname="com.mycompany.mavenproject1.SeleniumTest" name="testSendKeysToField" time="10.860"/>
  <testcase classname="com.mycompany.mavenproject1.SeleniumTest" name="testFindMultipleElements" time="0.888"/>
  <testcase classname="com.mycompany.mavenproject1.SeleniumTest" name="testNavigateBack" time="10.882"/>
  <testcase classname="com.mycompany.mavenproject1.SeleniumTest" name="testNavigateForward" time="10.935"/>
  <testcase classname="com.mycompany.mavenproject1.SeleniumTest" name="testRefreshPage" time="1.636"/>
  <testcase classname="com.mycompany.mavenproject1.SeleniumTest" name="testGetPageSource" time="0.350"/>
  <testcase classname="com.mycompany.mavenproject1.SeleniumTest" name="testGetPageTitle" time="0.887"/>
  <testcase classname="com.mycompany.mavenproject1.SeleniumTest" name="testGetWindowHandle" time="0.837"/>
  <testcase classname="com.mycompany.mavenproject1.SeleniumTest" name="testGetWindowHandles" time="0.891"/>
  <testcase classname="com.mycompany.mavenproject1.SeleniumTest" name="testMouseHover" time="1.042"/>
  <testcase classname="com.mycompany.mavenproject1.SeleniumTest" name="testDoubleClick" time="0.974"/>
  <testcase classname="com.mycompany.mavenproject1.SeleniumTest" name="testRightClick" time="0.994"/>
  <testcase classname="com.mycompany.mavenproject1.SeleniumTest" name="testDragAndDrop" time="1.049"/>
  <testcase classname="com.mycompany.mavenproject1.SeleniumTest" name="testExplicitWait" time="0.820"/>
  <testcase classname="com.mycompany.mavenproject1.SeleniumTest" name="testImplicitWait" time="0.800"/>
  <testcase classname="com.mycompany.mavenproject1.SeleniumTest" name="testGetBrowserName" time="0.000"/>
  <testcase classname="com.mycompany.mavenproject1.SeleniumTest" name="testGetElementSize" time="0.820"/>
  <testcase classname="com.mycompany.mavenproject1.SeleniumTest" name="testGetElementLocation" time="0.876"/>
  <testcase classname="com.mycompany.mavenproject1.SeleniumTest" name="testPageLoadTime" time="0.858"/>
  <testcase classname="com.mycompany.mavenproject1.SeleniumTest" name="testScrollToElement" time="0.865"/>
</testsuite> <!-- com.mycompany.mavenproject1.SeleniumTest -->
