<?xml version="1.0" encoding="UTF-8"?>
<testsuite xmlns:xsi="http://www.w3.org/2001/XMLSchema-instance" xsi:noNamespaceSchemaLocation="https://maven.apache.org/surefire/maven-surefire-plugin/xsd/surefire-test-report-3.0.xsd" version="3.0" name="com.mycompany.mavenproject1.testingNgTest" time="0.03" tests="1" errors="0" skipped="0" failures="0">
  <properties>
[...]
</properties>
  <testcase name="junitExceptionTest" classname="com.mycompany.mavenproject1.testingNgTest" time="0.019">
    <system-out><![CDATA[Setup: Initializing test data
JUnit exception test passed
Teardown: Cleaning up test data
]]></system-out>
  </testcase>
</testsuite>